<?xml version="1.0" encoding="UTF-8"?>
<!-- Generated by org.testng.reporters.JUnitReportReporter -->
<testsuite skipped="0" hostname="TECH-ASALAMA" name="testAPIPackage.CreateAPost" tests="1" failures="0" timestamp="2021-01-02T07:17:01 EET" time="4.229" errors="0">
  <testcase name="CreateAPostAndAssertResponseStatusCodeExpected201andResponseWithSameTitle" time="4.229" classname="testAPIPackage.CreateAPost"/>
</testsuite> <!-- testAPIPackage.CreateAPost -->
