<?xml version="1.0" encoding="UTF-8"?>
<!-- Generated by org.testng.reporters.JUnitReportReporter -->
<testsuite skipped="0" hostname="TECH-ASALAMA" name="testPackage.RegisterByEmailTest" tests="4" failures="0" timestamp="2021-01-02T15:58:38 EET" time="15.141" errors="0">
  <testcase name="registerWithInvalidEmail" time="2.184" classname="testPackage.RegisterByEmailTest"/>
  <testcase name="registerWithRegisteredEmail" time="1.700" classname="testPackage.RegisterByEmailTest"/>
  <testcase name="registerWithEmptyEmail" time="8.464" classname="testPackage.RegisterByEmailTest"/>
  <testcase name="registerWithNewValidEmail" time="2.793" classname="testPackage.RegisterByEmailTest"/>
</testsuite> <!-- testPackage.RegisterByEmailTest -->
