<?xml version="1.0" encoding="UTF-8"?>
<!-- Generated by org.testng.reporters.JUnitReportReporter -->
<testsuite skipped="0" hostname="TECH-ASALAMA" name="testPackage.LoginTest" tests="8" failures="0" timestamp="2021-01-02T07:44:04 EET" time="26.007" errors="0">
  <testcase name="LoginWithIncorrectEmail" time="2.343" classname="testPackage.LoginTest"/>
  <testcase name="LoginWithIncorrectPassword" time="8.423" classname="testPackage.LoginTest"/>
  <testcase name="LoginWithEmptyEmailAndPassword" time="2.563" classname="testPackage.LoginTest"/>
  <testcase name="LoginWithEmptyEmail" time="2.612" classname="testPackage.LoginTest"/>
  <testcase name="LoginWithEmptyPassword" time="2.297" classname="testPackage.LoginTest"/>
  <testcase name="LoginWithInvalidEmailFormat" time="1.976" classname="testPackage.LoginTest"/>
  <testcase name="LoginWithInvalidPasswordLength" time="2.309" classname="testPackage.LoginTest"/>
  <testcase name="loginWithCorrectEmailAndPassword" time="3.484" classname="testPackage.LoginTest"/>
</testsuite> <!-- testPackage.LoginTest -->
